<?xml version="1.0" encoding="UTF-8"?>
<!-- Generated by org.testng.reporters.JUnitXMLReporter -->
<testsuite ignored="0" hostname="LAPTOP-LCQ8NFSJ" failures="0" tests="4" name="Default test" time="55.924" errors="0" timestamp="2024-04-18T18:50:00 HOVT">
  <testcase classname="Major.UpdateMajor" name="loginTest" time="28.623"/>
  <testcase classname="Major.UpdateMajor" name="TruyCap_Ngành" time="7.536"/>
  <testcase classname="Major.UpdateMajor" name="KiemNganh" time="2.264"/>
  <testcase classname="Major.UpdateMajor" name="CapNhatNganh" time="8.908"/>
</testsuite> <!-- Default test -->
