<?xml version="1.0" encoding="UTF-8"?>
<testng-results ignored="0" total="4" passed="4" failed="0" skipped="0">
  <reporter-output>
  </reporter-output>
  <suite started-at="2024-04-18T18:49:04 HOVT" name="Default suite" finished-at="2024-04-18T18:49:59 HOVT" duration-ms="55924">
    <groups>
    </groups>
    <test started-at="2024-04-18T18:49:04 HOVT" name="Default test" finished-at="2024-04-18T18:49:59 HOVT" duration-ms="55924">
      <class name="Major.UpdateMajor">
        <test-method is-config="true" signature="setUp()[pri:0, instance:Major.UpdateMajor@609bcfb6]" started-at="2024-04-18T18:49:04 HOVT" name="setUp" finished-at="2024-04-18T18:49:12 HOVT" duration-ms="8411" status="PASS">
          <reporter-output>
          </reporter-output>
        </test-method> <!-- setUp -->
        <test-method signature="loginTest()[pri:0, instance:Major.UpdateMajor@609bcfb6]" started-at="2024-04-18T18:49:12 HOVT" name="loginTest" finished-at="2024-04-18T18:49:41 HOVT" duration-ms="28623" status="PASS">
          <reporter-output>
          </reporter-output>
        </test-method> <!-- loginTest -->
        <test-method signature="TruyCap_Ngành()[pri:1, instance:Major.UpdateMajor@609bcfb6]" started-at="2024-04-18T18:49:41 HOVT" name="TruyCap_Ngành" finished-at="2024-04-18T18:49:48 HOVT" duration-ms="7536" status="PASS">
          <reporter-output>
          </reporter-output>
        </test-method> <!-- TruyCap_Ngành -->
        <test-method signature="KiemNganh()[pri:2, instance:Major.UpdateMajor@609bcfb6]" started-at="2024-04-18T18:49:48 HOVT" name="KiemNganh" finished-at="2024-04-18T18:49:50 HOVT" duration-ms="2264" status="PASS">
          <reporter-output>
          </reporter-output>
        </test-method> <!-- KiemNganh -->
        <test-method signature="CapNhatNganh()[pri:3, instance:Major.UpdateMajor@609bcfb6]" started-at="2024-04-18T18:49:50 HOVT" name="CapNhatNganh" finished-at="2024-04-18T18:49:59 HOVT" duration-ms="8908" status="PASS">
          <reporter-output>
          </reporter-output>
        </test-method> <!-- CapNhatNganh -->
        <test-method is-config="true" signature="teardown()[pri:0, instance:Major.UpdateMajor@609bcfb6]" started-at="2024-04-18T18:49:59 HOVT" name="teardown" finished-at="2024-04-18T18:49:59 HOVT" duration-ms="138" status="PASS">
          <reporter-output>
          </reporter-output>
        </test-method> <!-- teardown -->
      </class> <!-- Major.UpdateMajor -->
    </test> <!-- Default test -->
  </suite> <!-- Default suite -->
</testng-results>
