<?xml version="1.0" encoding="UTF-8"?>
<!-- Generated by org.testng.reporters.JUnitReportReporter -->
<testsuite hostname="LAPTOP-LCQ8NFSJ" failures="0" tests="3" name="Major.ViewListMajor" time="36.389" errors="0" timestamp="2024-04-13T22:24:55 HOVT" skipped="0">
  <testcase classname="Major.ViewListMajor" name="loginTest" time="27.473"/>
  <system-out/>
  <testcase classname="Major.ViewListMajor" name="TruyCap_Ngành" time="4.491"/>
  <system-out/>
  <testcase classname="Major.ViewListMajor" name="HienThiDuLieu" time="4.425"/>
  <system-out/>
</testsuite> <!-- Major.ViewListMajor -->
