<?xml version="1.0" encoding="UTF-8"?>
<!-- Generated by org.testng.reporters.JUnitReportReporter -->
<testsuite hostname="LAPTOP-LCQ8NFSJ" failures="0" tests="4" name="Major.DeleteMajor" time="43.902" errors="0" timestamp="2024-04-17T13:50:10 HOVT" skipped="0">
  <testcase classname="Major.DeleteMajor" name="loginTest" time="27.938"/>
  <system-out/>
  <testcase classname="Major.DeleteMajor" name="TruyCap_Ngành" time="7.489"/>
  <system-out/>
  <testcase classname="Major.DeleteMajor" name="KiemNganh" time="2.229"/>
  <system-out/>
  <testcase classname="Major.DeleteMajor" name="XoaNganh" time="6.246"/>
  <system-out/>
</testsuite> <!-- Major.DeleteMajor -->
