<?xml version="1.0" encoding="UTF-8"?>
<!-- Generated by org.testng.reporters.JUnitReportReporter -->
<testsuite hostname="LAPTOP-LCQ8NFSJ" failures="0" tests="4" name="Major.UpdateMajor" time="47.331" errors="0" timestamp="2024-04-18T18:50:00 HOVT" skipped="0">
  <testcase classname="Major.UpdateMajor" name="loginTest" time="28.623"/>
  <system-out/>
  <testcase classname="Major.UpdateMajor" name="TruyCap_Ngành" time="7.536"/>
  <system-out/>
  <testcase classname="Major.UpdateMajor" name="KiemNganh" time="2.264"/>
  <system-out/>
  <testcase classname="Major.UpdateMajor" name="CapNhatNganh" time="8.908"/>
  <system-out/>
</testsuite> <!-- Major.UpdateMajor -->
