<?xml version="1.0" encoding="UTF-8"?>
<!-- Generated by org.testng.reporters.JUnitReportReporter -->
<testsuite hostname="LAPTOP-LCQ8NFSJ" failures="0" tests="3" name="Major.SreachMajor" time="38.269" errors="0" timestamp="2024-04-13T23:00:40 HOVT" skipped="0">
  <testcase classname="Major.SreachMajor" name="loginTest" time="28.419"/>
  <system-out/>
  <testcase classname="Major.SreachMajor" name="TruyCap_Ngành" time="7.610"/>
  <system-out/>
  <testcase classname="Major.SreachMajor" name="KiemNganh" time="2.240"/>
  <system-out/>
</testsuite> <!-- Major.SreachMajor -->
