<?xml version="1.0" encoding="UTF-8"?>
<!-- Generated by org.testng.reporters.JUnitReportReporter -->
<testsuite hostname="LAPTOP-LCQ8NFSJ" failures="0" tests="4" name="Major.AddMajor" time="54.398" errors="0" timestamp="2024-04-13T22:20:25 HOVT" skipped="0">
  <testcase classname="Major.AddMajor" name="loginTest" time="29.412"/>
  <system-out/>
  <testcase classname="Major.AddMajor" name="TruyCap_Ngành" time="7.645"/>
  <system-out/>
  <testcase classname="Major.AddMajor" name="Add_Major" time="7.731"/>
  <system-out/>
  <testcase classname="Major.AddMajor" name="Eror_Mes" time="9.610"/>
  <system-out/>
</testsuite> <!-- Major.AddMajor -->
